<?xml version="1.0" encoding="UTF-8"?>
<robot generator="Robot 6.1.1 (Python 3.8.16 on darwin)" generated="20230911 20:58:17.149" rpa="false" schemaversion="4">
<suite id="s1" name="first TC 001" source="/Users/abhaythakur/PycharmProjects/robotFrameworkLearning/TestCases/first_TC_001.robot">
<test id="s1-t1" name="TC_001 Open Browser Start and Close" line="12">
<kw name="Open Browser" library="SeleniumLibrary">
<arg>${URL}</arg>
<arg>${Browser}</arg>
<doc>Opens a new browser instance to the optional ``url``.</doc>
<msg timestamp="20230911 20:58:17.815" level="INFO">Opening browser 'Firefox' to base url 'https://www.thetestingworld.com/testings'.</msg>
<status status="PASS" starttime="20230911 20:58:17.799" endtime="20230911 20:58:28.086"/>
</kw>
<kw name="Close Browser" library="SeleniumLibrary">
<doc>Closes the current browser.</doc>
<status status="PASS" starttime="20230911 20:58:28.088" endtime="20230911 20:58:29.841"/>
</kw>
<status status="PASS" starttime="20230911 20:58:17.796" endtime="20230911 20:58:29.842"/>
</test>
<status status="PASS" starttime="20230911 20:58:17.152" endtime="20230911 20:58:29.843"/>
</suite>
<statistics>
<total>
<stat pass="1" fail="0" skip="0">All Tests</stat>
</total>
<tag>
</tag>
<suite>
<stat pass="1" fail="0" skip="0" id="s1" name="first TC 001">first TC 001</stat>
</suite>
</statistics>
<errors>
</errors>
</robot>
